[    0.000000] Initializing cgroup subsys cpuset
[    0.000000] Initializing cgroup subsys cpu
[    0.000000] Initializing cgroup subsys cpuacct
[    0.000000] Linux version 4.4.0-130-generic (buildd@lgw01-amd64-039) (gcc version 5.4.0 20160609 (Ubuntu 5.4.0-6ubuntu1~16.04.9) ) #156-Ubuntu SMP Thu Jun 14 08:53:28 UTC 2018 (Ubuntu 4.4.0-130.156-generic 4.4.134)
[    0.000000] Command line: BOOT_IMAGE=/boot/vmlinuz-4.4.0-130-generic root=LABEL=cloudimg-rootfs ro console=tty1 console=ttyS0
[    0.000000] KERNEL supported cpus:
[    0.000000]   Intel GenuineIntel
[    0.000000]   AMD AuthenticAMD
[    0.000000]   Centaur CentaurHauls
[    0.000000] x86/fpu: xstate_offset[2]:  576, xstate_sizes[2]:  256
[    0.000000] x86/fpu: Supporting XSAVE feature 0x01: 'x87 floating point registers'
[    0.000000] x86/fpu: Supporting XSAVE feature 0x02: 'SSE registers'
[    0.000000] x86/fpu: Supporting XSAVE feature 0x04: 'AVX registers'
[    0.000000] x86/fpu: Enabled xstate features 0x7, context size is 832 bytes, using 'standard' format.
[    0.000000] x86/fpu: Using 'eager' FPU context switches.
[    0.000000] e820: BIOS-provided physical RAM map:
[    0.000000] BIOS-e820: [mem 0x0000000000000000-0x000000000009fbff] usable
[    0.000000] BIOS-e820: [mem 0x000000000009fc00-0x000000000009ffff] reserved
[    0.000000] BIOS-e820: [mem 0x00000000000f0000-0x00000000000fffff] reserved
[    0.000000] BIOS-e820: [mem 0x0000000000100000-0x0000000060beffff] usable
[    0.000000] BIOS-e820: [mem 0x0000000060bf0000-0x0000000060bfffff] ACPI data
[    0.000000] BIOS-e820: [mem 0x00000000fec00000-0x00000000fec00fff] reserved
[    0.000000] BIOS-e820: [mem 0x00000000fee00000-0x00000000fee00fff] reserved
[    0.000000] BIOS-e820: [mem 0x00000000fffc0000-0x00000000ffffffff] reserved
[    0.000000] NX (Execute Disable) protection: active
[    0.000000] SMBIOS 2.5 present.
[    0.000000] Hypervisor detected: KVM
[    0.000000] e820: last_pfn = 0x60bf0 max_arch_pfn = 0x400000000
[    0.000000] MTRR: Disabled
[    0.000000] x86/PAT: MTRRs disabled, skipping PAT initialization too.
[    0.000000] CPU MTRRs all blank - virtualized system.
[    0.000000] x86/PAT: Configuration [0-7]: WB  WT  UC- UC  WB  WT  UC- UC  
[    0.000000] found SMP MP-table at [mem 0x0009fff0-0x0009ffff] mapped at [ffff88000009fff0]
[    0.000000] Scanning 1 areas for low memory corruption
[    0.000000] RAMDISK: [mem 0x36aa2000-0x37548fff]
[    0.000000] ACPI: Early table checksum verification disabled
[    0.000000] ACPI: RSDP 0x00000000000E0000 000024 (v02 VBOX  )
[    0.000000] ACPI: XSDT 0x0000000060BF0030 00003C (v01 VBOX   VBOXXSDT 00000001 ASL  00000061)
[    0.000000] ACPI: FACP 0x0000000060BF00F0 0000F4 (v04 VBOX   VBOXFACP 00000001 ASL  00000061)
[    0.000000] ACPI: DSDT 0x0000000060BF0470 0021FF (v02 VBOX   VBOXBIOS 00000002 INTL 20100528)
[    0.000000] ACPI: FACS 0x0000000060BF0200 000040
[    0.000000] ACPI: FACS 0x0000000060BF0200 000040
[    0.000000] ACPI: APIC 0x0000000060BF0240 000054 (v02 VBOX   VBOXAPIC 00000001 ASL  00000061)
[    0.000000] ACPI: SSDT 0x0000000060BF02A0 0001CC (v01 VBOX   VBOXCPUT 00000002 INTL 20100528)
[    0.000000] No NUMA configuration found
[    0.000000] Faking a node at [mem 0x0000000000000000-0x0000000060beffff]
[    0.000000] NODE_DATA(0) allocated [mem 0x60beb000-0x60beffff]
[    0.000000] kvm-clock: Using msrs 4b564d01 and 4b564d00
[    0.000000] kvm-clock: cpu 0, msr 0:60be3001, primary cpu clock
[    0.000000] kvm-clock: using sched offset of 4173061638 cycles
[    0.000000] clocksource: kvm-clock: mask: 0xffffffffffffffff max_cycles: 0x1cd42e4dffb, max_idle_ns: 881590591483 ns
[    0.000000] Zone ranges:
[    0.000000]   DMA      [mem 0x0000000000001000-0x0000000000ffffff]
[    0.000000]   DMA32    [mem 0x0000000001000000-0x0000000060beffff]
[    0.000000]   Normal   empty
[    0.000000]   Device   empty
[    0.000000] Movable zone start for each node
[    0.000000] Early memory node ranges
[    0.000000]   node   0: [mem 0x0000000000001000-0x000000000009efff]
[    0.000000]   node   0: [mem 0x0000000000100000-0x0000000060beffff]
[    0.000000] Initmem setup node 0 [mem 0x0000000000001000-0x0000000060beffff]
[    0.000000] ACPI: PM-Timer IO Port: 0x4008
[    0.000000] IOAPIC[0]: apic_id 1, version 32, address 0xfec00000, GSI 0-23
[    0.000000] ACPI: INT_SRC_OVR (bus 0 bus_irq 0 global_irq 2 dfl dfl)
[    0.000000] ACPI: INT_SRC_OVR (bus 0 bus_irq 9 global_irq 9 low level)
[    0.000000] Using ACPI (MADT) for SMP configuration information
[    0.000000] smpboot: Allowing 1 CPUs, 0 hotplug CPUs
[    0.000000] PM: Registered nosave memory: [mem 0x00000000-0x00000fff]
[    0.000000] PM: Registered nosave memory: [mem 0x0009f000-0x0009ffff]
[    0.000000] PM: Registered nosave memory: [mem 0x000a0000-0x000effff]
[    0.000000] PM: Registered nosave memory: [mem 0x000f0000-0x000fffff]
[    0.000000] e820: [mem 0x60c00000-0xfebfffff] available for PCI devices
[    0.000000] Booting paravirtualized kernel on KVM
[    0.000000] clocksource: refined-jiffies: mask: 0xffffffff max_cycles: 0xffffffff, max_idle_ns: 7645519600211568 ns
[    0.000000] setup_percpu: NR_CPUS:512 nr_cpumask_bits:512 nr_cpu_ids:1 nr_node_ids:1
[    0.000000] PERCPU: Embedded 34 pages/cpu @ffff880060800000 s99544 r8192 d31528 u2097152
[    0.000000] PV qspinlock hash table entries: 256 (order: 0, 4096 bytes)
[    0.000000] Built 1 zonelists in Node order, mobility grouping on.  Total pages: 389960
[    0.000000] Policy zone: DMA32
[    0.000000] Kernel command line: BOOT_IMAGE=/boot/vmlinuz-4.4.0-130-generic root=LABEL=cloudimg-rootfs ro console=tty1 console=ttyS0
[    0.000000] PID hash table entries: 4096 (order: 3, 32768 bytes)
[    0.000000] Memory: 1528080K/1584696K available (8546K kernel code, 1313K rwdata, 4000K rodata, 1516K init, 1316K bss, 56616K reserved, 0K cma-reserved)
[    0.000000] SLUB: HWalign=64, Order=0-3, MinObjects=0, CPUs=1, Nodes=1
[    0.000000] Kernel/User page tables isolation: enabled
[    0.000000] Hierarchical RCU implementation.
[    0.000000] 	Build-time adjustment of leaf fanout to 64.
[    0.000000] 	RCU restricting CPUs from NR_CPUS=512 to nr_cpu_ids=1.
[    0.000000] RCU: Adjusting geometry for rcu_fanout_leaf=64, nr_cpu_ids=1
[    0.000000] NR_IRQS:33024 nr_irqs:256 16
[    0.000000] Console: colour VGA+ 80x25
[    0.000000] console [tty1] enabled
[    0.000000] console [ttyS0] enabled
[    0.000000] tsc: Detected 2712.084 MHz processor
[    2.279275] Calibrating delay loop (skipped) preset value.. 5424.16 BogoMIPS (lpj=10848336)
[    2.297078] pid_max: default: 32768 minimum: 301
[    2.316395] ACPI: Core revision 20150930
[    2.357992] ACPI: 2 ACPI AML tables successfully acquired and loaded
[    2.402316] Security Framework initialized
[    2.460549] Yama: becoming mindful.
[    2.517756] AppArmor: AppArmor initialized
[    2.522974] Dentry cache hash table entries: 262144 (order: 9, 2097152 bytes)
[    2.572965] Inode-cache hash table entries: 131072 (order: 8, 1048576 bytes)
[    2.609797] Mount-cache hash table entries: 4096 (order: 3, 32768 bytes)
[    2.631153] Mountpoint-cache hash table entries: 4096 (order: 3, 32768 bytes)
[    2.649574] Initializing cgroup subsys io
[    2.680735] Initializing cgroup subsys memory
[    2.696122] Initializing cgroup subsys devices
[    2.700659] Initializing cgroup subsys freezer
[    2.704306] Initializing cgroup subsys net_cls
[    2.706712] Initializing cgroup subsys perf_event
[    2.712202] Initializing cgroup subsys net_prio
[    2.721562] Initializing cgroup subsys hugetlb
[    2.731044] Initializing cgroup subsys pids
[    2.766644] CPU: Physical Processor ID: 0
[    2.792354] mce: CPU supports 0 MCE banks
[    2.808671] process: using mwait in idle threads
[    2.841131] Last level iTLB entries: 4KB 64, 2MB 8, 4MB 8
[    2.864615] Last level dTLB entries: 4KB 64, 2MB 0, 4MB 0, 1GB 4
[    2.876398] Spectre V2 : Mitigation: Full generic retpoline
[    2.880758] Spectre V2 : Speculation control IBPB not-supported IBRS not-supported
[    2.892075] Spectre V2 : Filling RSB on context switch
[    2.907175] Speculative Store Bypass: Vulnerable
[    2.958844] Freeing SMP alternatives memory: 32K
[    2.978181] ftrace: allocating 32245 entries in 126 pages
[    3.140394] smpboot: APIC(0) Converting physical 0 to logical package 0
[    3.217716] smpboot: Max logical packages: 1
[    3.250462] x2apic enabled
[    3.301327] Switched APIC routing to physical x2apic.
[    3.322372] ..TIMER: vector=0x30 apic1=0 pin1=2 apic2=-1 pin2=-1
[    3.435967] smpboot: CPU0: Intel(R) Core(TM) i7-6820HQ CPU @ 2.70GHz (family: 0x6, model: 0x5e, stepping: 0x3)
[    3.535204] Performance Events: unsupported p6 CPU model 94 no PMU driver, software events only.
[    3.641067] KVM setup paravirtual spinlock
[    3.677159] x86: Booted up 1 node, 1 CPUs
[    3.726058] smpboot: Total of 1 processors activated (5424.16 BogoMIPS)
[    3.746498] devtmpfs: initialized
[    3.761027] evm: security.selinux
[    3.763367] evm: security.SMACK64
[    3.792103] evm: security.SMACK64EXEC
[    3.830107] evm: security.SMACK64TRANSMUTE
[    3.849576] evm: security.SMACK64MMAP
[    3.869922] evm: security.ima
[    3.875609] evm: security.capability
[    3.877481] clocksource: jiffies: mask: 0xffffffff max_cycles: 0xffffffff, max_idle_ns: 7645041785100000 ns
[    3.881986] futex hash table entries: 256 (order: 2, 16384 bytes)
[    3.940696] pinctrl core: initialized pinctrl subsystem
[    3.985468] RTC time:  3:09:38, date: 04/09/19
[    3.990661] NET: Registered protocol family 16
[    3.993838] cpuidle: using governor ladder
[    4.013922] cpuidle: using governor menu
[    4.051453] PCCT header not found.
[    4.064544] ACPI: bus type PCI registered
[    4.080688] acpiphp: ACPI Hot Plug PCI Controller Driver version: 0.5
[    4.112368] PCI: Using configuration type 1 for base access
[    4.178340] ACPI: Added _OSI(Module Device)
[    4.180170] ACPI: Added _OSI(Processor Device)
[    4.183870] ACPI: Added _OSI(3.0 _SCP Extensions)
[    4.196618] ACPI: Added _OSI(Processor Aggregator Device)
[    4.224699] ACPI: Executed 1 blocks of module-level executable AML code
[    4.241132] ACPI: Interpreter enabled
[    4.258045] ACPI: (supports S0 S5)
[    4.295663] ACPI: Using IOAPIC for interrupt routing
[    4.300024] PCI: Using host bridge windows from ACPI; if necessary, use "pci=nocrs" and report a bug
[    4.382337] ACPI: PCI Root Bridge [PCI0] (domain 0000 [bus 00-ff])
[    4.466494] acpi PNP0A03:00: _OSC: OS supports [ASPM ClockPM Segments MSI]
[    4.533299] acpi PNP0A03:00: _OSC: not requesting OS control; OS requires [ExtendedConfig ASPM ClockPM MSI]
[    4.633622] acpi PNP0A03:00: fail to add MMCONFIG information, can't access extended PCI configuration space under this bridge.
[    4.701512] PCI host bridge to bus 0000:00
[    4.729528] pci_bus 0000:00: root bus resource [io  0x0000-0x0cf7 window]
[    4.743013] pci_bus 0000:00: root bus resource [io  0x0d00-0xffff window]
[    4.755007] pci_bus 0000:00: root bus resource [mem 0x000a0000-0x000bffff window]
[    4.765846] pci_bus 0000:00: root bus resource [mem 0x60c00000-0xfdffffff window]
[    4.781265] pci_bus 0000:00: root bus resource [bus 00-ff]
[    4.790946] pci 0000:00:01.1: legacy IDE quirk: reg 0x10: [io  0x01f0-0x01f7]
[    4.885587] pci 0000:00:01.1: legacy IDE quirk: reg 0x14: [io  0x03f6]
[    4.889268] pci 0000:00:01.1: legacy IDE quirk: reg 0x18: [io  0x0170-0x0177]
[    4.974327] pci 0000:00:01.1: legacy IDE quirk: reg 0x1c: [io  0x0376]
[    5.055519] pci 0000:00:07.0: quirk: [io  0x4000-0x403f] claimed by PIIX4 ACPI
[    5.092980] pci 0000:00:07.0: quirk: [io  0x4100-0x410f] claimed by PIIX4 SMB
[    5.124266] ACPI: PCI Interrupt Link [LNKA] (IRQs 5 9 10 *11)
[    5.192143] ACPI: PCI Interrupt Link [LNKB] (IRQs 5 9 *10 11)
[    5.215442] ACPI: PCI Interrupt Link [LNKC] (IRQs 5 *9 10 11)
[    5.289450] ACPI: PCI Interrupt Link [LNKD] (IRQs 5 9 10 *11)
[    5.313724] ACPI: Enabled 2 GPEs in block 00 to 07
[    5.316152] vgaarb: setting as boot device: PCI:0000:00:02.0
[    5.318303] vgaarb: device added: PCI:0000:00:02.0,decodes=io+mem,owns=io+mem,locks=none
[    5.321588] vgaarb: loaded
[    5.322703] vgaarb: bridge control possible 0000:00:02.0
[    5.354975] SCSI subsystem initialized
[    5.382169] ACPI: bus type USB registered
[    5.395161] usbcore: registered new interface driver usbfs
[    5.420735] usbcore: registered new interface driver hub
[    5.425143] usbcore: registered new device driver usb
[    5.457419] PCI: Using ACPI for IRQ routing
[    5.493879] NetLabel: Initializing
[    5.498477] NetLabel:  domain hash size = 128
[    5.501772] NetLabel:  protocols = UNLABELED CIPSOv4
[    5.533398] NetLabel:  unlabeled traffic allowed by default
[    5.563774] amd_nb: Cannot enumerate AMD northbridges
[    5.578986] clocksource: Switched to clocksource kvm-clock
[    5.605652] AppArmor: AppArmor Filesystem Enabled
[    5.607710] pnp: PnP ACPI init
[    5.610785] pnp: PnP ACPI: found 3 devices
[    5.626321] clocksource: acpi_pm: mask: 0xffffff max_cycles: 0xffffff, max_idle_ns: 2085701024 ns
[    5.672496] NET: Registered protocol family 2
[    5.732748] TCP established hash table entries: 16384 (order: 5, 131072 bytes)
[    5.779293] TCP bind hash table entries: 16384 (order: 6, 262144 bytes)
[    5.794063] TCP: Hash tables configured (established 16384 bind 16384)
[    5.853083] UDP hash table entries: 1024 (order: 3, 32768 bytes)
[    5.920480] UDP-Lite hash table entries: 1024 (order: 3, 32768 bytes)
[    5.923202] NET: Registered protocol family 1
[    5.925411] pci 0000:00:00.0: Limiting direct PCI/PCI transfers
[    5.928839] pci 0000:00:01.0: Activating ISA DMA hang workarounds
[    5.945368] Unpacking initramfs...
[    9.549500] Freeing initrd memory: 10908K
[    9.572305] platform rtc_cmos: registered platform RTC device (no PNP device found)
[    9.607659] Scanning for low memory corruption every 60 seconds
[    9.636287] audit: initializing netlink subsys (disabled)
[    9.654132] audit: type=2000 audit(1554779385.061:1): initialized
[    9.670904] Initialise system trusted keyring
[    9.683528] HugeTLB registered 2 MB page size, pre-allocated 0 pages
[    9.713884] zbud: loaded
[    9.730422] VFS: Disk quotas dquot_6.6.0
[    9.747350] VFS: Dquot-cache hash table entries: 512 (order 0, 4096 bytes)
[    9.770512] squashfs: version 4.0 (2009/01/31) Phillip Lougher
[    9.798317] fuse init (API version 7.23)
[    9.821070] Key type big_key registered
[    9.847984] Allocating IMA MOK and blacklist keyrings.
[    9.913316] Key type asymmetric registered
[    9.938513] Asymmetric key parser 'x509' registered
[    9.948948] Block layer SCSI generic (bsg) driver version 0.4 loaded (major 249)
[    9.993836] io scheduler noop registered
[   10.003861] io scheduler deadline registered (default)
[   10.019548] io scheduler cfq registered
[   10.021755] pci_hotplug: PCI Hot Plug PCI Core version: 0.5
[   10.032547] pciehp: PCI Express Hot Plug Controller Driver version: 0.4
[   10.046449] ACPI: AC Adapter [AC] (off-line)
[   10.049056] input: Power Button as /devices/LNXSYSTM:00/LNXPWRBN:00/input/input0
[   10.132572] ACPI: Power Button [PWRF]
[   10.140257] input: Sleep Button as /devices/LNXSYSTM:00/LNXSLPBN:00/input/input1
[   10.159458] ACPI: Sleep Button [SLPF]
[   10.169336] ACPI: Battery Slot [BAT0] (battery present)
[   10.172204] GHES: HEST is not enabled!
[   10.181004] Serial: 8250/16550 driver, 32 ports, IRQ sharing enabled
[   10.262109] 00:02: ttyS0 at I/O 0x3f8 (irq = 4, base_baud = 115200) is a 16550A
[   10.284687] Linux agpgart interface v0.103
[   10.288618] loop: module loaded
[   10.302461] scsi host0: ata_piix
[   10.313478] scsi host1: ata_piix
[   10.322562] ata1: PATA max UDMA/33 cmd 0x1f0 ctl 0x3f6 bmdma 0xd000 irq 14
[   10.340135] ata2: PATA max UDMA/33 cmd 0x170 ctl 0x376 bmdma 0xd008 irq 15
[   10.393154] libphy: Fixed MDIO Bus: probed
[   10.440501] tun: Universal TUN/TAP device driver, 1.6
[   10.496321] tun: (C) 1999-2004 Max Krasnyansky <maxk@qualcomm.com>
[   10.539149] PPP generic driver version 2.4.2
[   10.588841] tsc: Refined TSC clocksource calibration: 2713.283 MHz
[   10.625109] clocksource: tsc: mask: 0xffffffffffffffff max_cycles: 0x271c422e0da, max_idle_ns: 440795207899 ns
[   10.677615] ehci_hcd: USB 2.0 'Enhanced' Host Controller (EHCI) Driver
[   10.777454] ehci-pci: EHCI PCI platform driver
[   10.822319] ehci-platform: EHCI generic platform driver
[   10.839104] ohci_hcd: USB 1.1 'Open' Host Controller (OHCI) Driver
[   10.882825] ohci-pci: OHCI PCI platform driver
[   10.892658] ohci-platform: OHCI generic platform driver
[   10.901480] uhci_hcd: USB Universal Host Controller Interface driver
[   10.967502] i8042: PNP: PS/2 Controller [PNP0303:PS2K,PNP0f03:PS2M] at 0x60,0x64 irq 1,12
[   11.067903] serio: i8042 KBD port at 0x60,0x64 irq 1
[   11.164372] serio: i8042 AUX port at 0x60,0x64 irq 12
[   11.222938] mousedev: PS/2 mouse device common for all mice
[   11.276358] input: AT Translated Set 2 keyboard as /devices/platform/i8042/serio0/input/input2
[   11.383004] rtc_cmos rtc_cmos: rtc core: registered rtc_cmos as rtc0
[   11.385891] rtc_cmos rtc_cmos: alarms up to one day, 114 bytes nvram
[   11.390355] i2c /dev entries driver
[   11.392093] device-mapper: uevent: version 1.0.3
[   11.394232] device-mapper: ioctl: 4.34.0-ioctl (2015-10-28) initialised: dm-devel@redhat.com
[   11.398076] ledtrig-cpu: registered to indicate activity on CPUs
[   11.401176] NET: Registered protocol family 10
[   11.403416] NET: Registered protocol family 17
[   11.426234] Key type dns_resolver registered
[   11.441096] registered taskstats version 1
[   11.443178] Loading compiled-in X.509 certificates
[   11.446330] Loaded X.509 cert 'Build time autogenerated kernel key: b3e0fe4bcd6378c38a2c0a4648abbc1fa5043a22'
[   11.450951] zswap: loaded using pool lzo/zbud
[   11.455247] Key type trusted registered
[   11.529437] Key type encrypted registered
[   11.603314] AppArmor: AppArmor sha1 policy hashing enabled
[   11.614585] ima: No TPM chip found, activating TPM-bypass!
[   11.681813] ima: Allocated hash algorithm: sha1
[   11.762254] evm: HMAC attrs: 0x1
[   11.774419]   Magic number: 15:593:158
[   11.811318] rtc_cmos rtc_cmos: setting system clock to 2019-04-09 03:09:45 UTC (1554779385)
[   11.897983] BIOS EDD facility v0.16 2004-Jun-25, 0 devices found
[   11.984339] EDD information not available.
[   12.008424] Freeing unused kernel memory: 1516K
[   12.027580] Write protecting the kernel read-only data: 14336k
[   12.077997] Freeing unused kernel memory: 1680K
[   12.085127] Freeing unused kernel memory: 96K
Loading, please wait...
starting version[   12.111118] random: udevadm: uninitialized urandom read (16 bytes read, 7 bits of entropy available)
 229
[   12.200697] random: systemd-udevd: uninitialized urandom read (16 bytes read, 7 bits of entropy available)
[   12.311389] random: udevadm: uninitialized urandom read (16 bytes read, 7 bits of entropy available)
[   12.358954] random: systemd-udevd: uninitialized urandom read (16 bytes read, 7 bits of entropy available)
[   12.466582] random: udevadm: uninitialized urandom read (16 bytes read, 7 bits of entropy available)
[   12.595842] random: systemd-udevd: uninitialized urandom read (16 bytes read, 7 bits of entropy available)
[   12.741543] random: udevadm: uninitialized urandom read (16 bytes read, 7 bits of entropy available)
[   12.858198] random: systemd-udevd: uninitialized urandom read (16 bytes read, 7 bits of entropy available)
[   12.864188] random: systemd-udevd: uninitialized urandom read (16 bytes read, 7 bits of entropy available)
[   12.868494] random: systemd-udevd: uninitialized urandom read (16 bytes read, 7 bits of entropy available)
[   13.049282] e1000: Intel(R) PRO/1000 Network Driver - version 7.3.21-k8-NAPI
[   13.105005] e1000: Copyright (c) 1999-2006 Intel Corporation.
[   13.108398] Fusion MPT base driver 3.04.20
[   13.110767] Copyright (c) 1999-2008 LSI Corporation
[   13.169183] Fusion MPT SPI Host driver 3.04.20
[   13.208517] AVX2 version of gcm_enc/dec engaged.
[   13.218615] AES CTR mode by8 optimization enabled
[   13.248618] mptbase: ioc0: Initiating bringup
[   13.330104] input: ImExPS/2 Generic Explorer Mouse as /devices/platform/i8042/serio1/input/input4
[   13.348162] ioc0: LSI53C1030 A0: Capabilities={Initiator}
[   13.517158] scsi host2: ioc0: LSI53C1030 A0, FwRev=00000000h, Ports=1, MaxQ=256, IRQ=20
[   13.641898] scsi 2:0:0:0: Direct-Access     VBOX     HARDDISK         1.0  PQ: 0 ANSI: 5
[   13.689132] scsi target2:0:0: Beginning Domain Validation
[   13.693511] scsi target2:0:0: Domain Validation skipping write tests
[   13.696539] scsi target2:0:0: Ending Domain Validation
[   13.732012] scsi target2:0:0: asynchronous
[   13.795296] scsi 2:0:1:0: Direct-Access     VBOX     HARDDISK         1.0  PQ: 0 ANSI: 5
[   13.817266] scsi target2:0:1: Beginning Domain Validation
[   13.933234] scsi target2:0:1: Domain Validation skipping write tests
[   13.980804] scsi target2:0:1: Ending Domain Validation
[   14.105177] scsi target2:0:1: asynchronous
[   14.238317] sd 2:0:0:0: Attached scsi generic sg0 type 0
[   14.308897] sd 2:0:0:0: [sda] 20971520 512-byte logical blocks: (10.7 GB/10.0 GiB)
[   14.347842] e1000 0000:00:03.0 eth0: (PCI:33MHz:32-bit) 02:21:52:1a:0a:14
[   14.378045] e1000 0000:00:03.0 eth0: Intel(R) PRO/1000 Network Connection
[   14.443630] sd 2:0:0:0: [sda] Write Protect is off
[   14.454636] sd 2:0:1:0: [sdb] 20480 512-byte logical blocks: (10.5 MB/10.0 MiB)
[   14.488284] sd 2:0:1:0: Attached scsi generic sg1 type 0
[   14.521317] sd 2:0:0:0: [sda] Incomplete mode parameter data
[   14.556880] sd 2:0:0:0: [sda] Assuming drive cache: write through
[   14.579390] sd 2:0:1:0: [sdb] Write Protect is off
[   14.612205] sd 2:0:1:0: [sdb] Incomplete mode parameter data
[   14.634366] sd 2:0:1:0: [sdb] Assuming drive cache: write through
[   14.647695]  sda: sda1
[   14.668967] sd 2:0:0:0: [sda] Attached SCSI disk
[   14.691214] sd 2:0:1:0: [sdb] Attached SCSI disk
[   15.106003] e1000 0000:00:08.0 eth1: (PCI:33MHz:32-bit) 08:00:27:51:bc:8a
[   15.120960] e1000 0000:00:08.0 eth1: Intel(R) PRO/1000 Network Connection
[   15.149633] e1000 0000:00:03.0 enp0s3: renamed from eth0
[   15.166461] e1000 0000:00:08.0 enp0s8: renamed from eth1
Begin: Loading e[   16.791878] md: linear personality registered for level -1
ssential drivers[   16.825754] md: multipath personality registered for level -4
 ... [   16.854775] md: raid0 personality registered for level 0
[   16.894464] md: raid1 personality registered for level 1
[   16.983052] raid6: sse2x1   gen()  4275 MB/s
[   17.067137] raid6: sse2x1   xor()  4003 MB/s
[   17.147354] raid6: sse2x2   gen()  7228 MB/s
[   17.215347] raid6: sse2x2   xor()  4996 MB/s
[   17.283348] raid6: sse2x4   gen()  6190 MB/s
[   17.371189] raid6: sse2x4   xor()  5465 MB/s
[   17.447364] raid6: avx2x1   gen() 11406 MB/s
[   17.535340] raid6: avx2x2   gen() 11561 MB/s
[   17.659123] raid6: avx2x4   gen() 14176 MB/s
[   17.669098] raid6: using algorithm avx2x4 gen() 14176 MB/s
[   17.690403] raid6: using avx2x2 recovery algorithm
[   17.719561] xor: automatically using best checksumming function:
[   17.787318]    avx       : 15928.000 MB/sec
[   17.865947] async_tx: api initialized (async)
[   17.952697] md: raid6 personality registered for level 6
[   17.962556] md: raid5 personality registered for level 5
[   17.980576] md: raid4 personality registered for level 4
[   18.002047] md: raid10 personality registered for level 10
done.
Begin: Running /scripts/init-premount ... done.
Begin: Mounting root file system ... Begin: Running /scripts/local-top ... done.
Begin: Running /scripts/local-premount ... [   18.109649] Btrfs loaded
Scanning for Btrfs filesystems
done.
Warning: fsck not present, so skipping root file system
[   18.232196] EXT4-fs (sda1): mounted filesystem with ordered data mode. Opts: (null)
done.
Begin: Running /scripts/local-bottom ... done.
Begin: Running /scripts/init-bottom ... done.
[   18.436234] systemd[1]: systemd 229 running in system mode. (+PAM +AUDIT +SELINUX +IMA +APPARMOR +SMACK +SYSVINIT +UTMP +LIBCRYPTSETUP +GCRYPT +GNUTLS +ACL +XZ -LZ4 +SECCOMP +BLKID +ELFUTILS +KMOD -IDN)
[   18.451801] systemd[1]: Detected virtualization oracle.
[   18.454498] systemd[1]: Detected architecture x86-64.

Welcome to [1mUbuntu 16.04.5 LTS[0m!

[   18.469619] systemd[1]: Set hostname to <ubuntu>.
[   18.477982] systemd[1]: Initializing machine ID from random generator.
[   18.499926] systemd[1]: Installed transient /etc/machine-id file.
[   18.753346] systemd[1]: Reached target User and Group Name Lookups.
[[0;32m  OK  [0m] Reached target User and Group Name Lookups.
[   18.763190] systemd[1]: Started Trigger resolvconf update for networkd DNS.
[[0;32m  OK  [0m] Started Trigger resolvconf update for networkd DNS.
[   18.777504] systemd[1]: Listening on LVM2 poll daemon socket.
[[0;32m  OK  [0m] Listening on LVM2 poll daemon socket.
[   18.792989] systemd[1]: Created slice System Slice.
[[0;32m  OK  [0m] Created slice System Slice.
[   18.808878] systemd[1]: Listening on Journal Audit Socket.
[[   18.812645] random: nonblocking pool is initialized
[0;32m  OK  [0m] Listening on Journal Audit Socket.
[   18.863710] systemd[1]: Listening on Journal Socket (/dev/log).
[[0;32m  OK  [0m] Listening on Journal Socket (/dev/log).
[   18.915694] systemd[1]: Reached target Swap.
[[0;32m  OK  [0m] Reached target Swap.
[   18.935932] systemd[1]: Created slice system-serial\x2dgetty.slice.
[[0;32m  OK  [0m] Created slice system-serial\x2dgetty.slice.
[   18.984882] systemd[1]: Set up automount Arbitrary Executable File Formats File System Automount Point.
[[0;32m  OK  [0m] Set up automount Arbitrary Executab...ats File System Automount Point.
[   19.015650] systemd[1]: Reached target Encrypted Volumes.
[[0;32m  OK  [0m] Reached target Encrypted Volumes.
[   19.053614] systemd[1]: Listening on Syslog Socket.
[[0;32m  OK  [0m] Listening on Syslog Socket.
[   19.061874] systemd[1]: Listening on udev Kernel Socket.
[[0;32m  OK  [0m] Listening on udev Kernel Socket.
[   19.127959] systemd[1]: Started Forward Password Requests to Wall Directory Watch.
[[0;32m  OK  [0m] Started Forward Password Requests to Wall Directory Watch.
[   19.135356] systemd[1]: Listening on /dev/initctl Compatibility Named Pipe.
[[0;32m  OK  [0m] Listening on /dev/initctl Compatibility Named Pipe.
[   19.157069] systemd[1]: Created slice User and Session Slice.
[[0;32m  OK  [0m] Created slice User and Session Slice.
[   19.171944] systemd[1]: Listening on udev Control Socket.
[[0;32m  OK  [0m] Listening on udev Control Socket.
[   19.183278] systemd[1]: Reached target System Time Synchronized.
[[0;32m  OK  [0m] Reached target System Time Synchronized.
[   19.190049] systemd[1]: Reached target Slices.
[[0;32m  OK  [0m] Reached target Slices.
[   19.199648] systemd[1]: Listening on Journal Socket.
[[0;32m  OK  [0m] Listening on Journal Socket.
[   19.212145] systemd[1]: Starting Nameserver information manager...
         Starting Nameserver information manager...
[   19.224095] systemd[1]: Starting Set console keymap...
         Starting Set console keymap...
[   19.254570] systemd[1]: Starting Load Kernel Modules...
         Starting Load Kernel Modules...
[   19.280550] systemd[1]: Mounting Debug File System...
[   19.293331] Loading iSCSI transport class v2.0-870.
         Mounting Debug File System...
[   19.317344] systemd[1]: Starting Remount Root and Kernel File Systems...
         Starting Remount Root and Kernel File Systems...
[   19.336197] systemd[1]: Starting Uncomplicated firewall...
[   19.357290] EXT4-fs (sda1): re-mounted. Opts: (null)
         Starting Uncomplicated firewall...
[   19.410360] systemd[1]: Mounting Huge Pages File System...
[   19.460825] iscsi: registered transport (tcp)
         Mounting Huge Pages File System...
[   19.516548] systemd[1]: Mounting POSIX Message Queue File System...
         Mounting POSIX Message Queue File System...
[   19.545261] systemd[1]: Starting Journal Service...
         Starting Journal Service...
[   19.601348] iscsi: registered transport (iser)
[   19.628852] systemd[1]: Starting Create list of required static device nodes for the current kernel...
         Starting Create list of required st... nodes for the current kernel...
[   19.707489] systemd[1]: Listening on LVM2 metadata daemon socket.
[[0;32m  OK  [0m] Listening on LVM2 metadata daemon socket.
[   19.745434] systemd[1]: Listening on Device-mapper event daemon FIFOs.
[[0;32m  OK  [0m] Listening on Device-mapper event daemon FIFOs.
[   19.773527] systemd[1]: Starting Monitoring of LVM2 mirrors, snapshots etc. using dmeventd or progress polling...
         Starting Monitoring of LVM2 mirrors... dmeventd or progress polling...
[   19.800366] systemd[1]: Mounted Debug File System.
[[0;32m  OK  [0m] Mounted Debug File System.
[   19.829851] systemd[1]: Mounted Huge Pages File System.
[[0;32m  OK  [0m] Mounted Huge Pages File System.
[   19.850333] systemd[1]: Mounted POSIX Message Queue File System.
[[0;32m  OK  [0m] Mounted POSIX Message Queue File System.
[   19.872417] systemd[1]: Started Journal Service.
[[0;32m  OK  [0m] Started Journal Service.
[[0;32m  OK  [0m] Started Set console keymap.
[[0;32m  OK  [0m] Started Load Kernel Modules.
[[0;32m  OK  [0m] Started Remount Root and Kernel File Systems.
[[0;32m  OK  [0m] Started Uncomplicated firewall.
[[0;32m  OK  [0m] Started Create list of required sta...ce nodes for the current kernel.
[[0;32m  OK  [0m] Started Nameserver information manager.
[[0;32m  OK  [0m] Started LVM2 metadata daemon.
         Starting Create Static Device Nodes in /dev...
         Starting Load/Save Random Seed...
         Starting udev Coldplug all Devices...
         Mounting FUSE Control File System...
         Starting Apply Kernel Variables...
         Starting Flush Journal to Persistent Storage...
[[0;32m  OK  [0m] Mounted FUSE Control File System.
[[0;32m  OK  [0m] Started Create Static Device Nodes in /dev.
[[0;32m  OK  [0m] Started Load/Save Random Seed.
[[0;32m  OK  [0m] Started Apply Kernel Variables.
[[0;32m  OK  [0m] Started udev Coldplug all Devices.
[[0;32m  OK  [0m] Started Monitoring of LVM2 mirrors,...ng dmeventd or progress polling.
[[0;32m  OK  [0m] Started Flush Journal to Persistent Storage.
         Starting udev Kernel Device Manager...
[[0;32m  OK  [0m] Started udev Kernel Device Manager.
[[0;32m  OK  [0m] Reached target Local File Systems (Pre).
[[0;32m  OK  [0m] Reached target Local File Systems.
         Starting Set console font and keymap...
         Starting LSB: AppArmor initialization...
         Starting Commit a transient machine-id on disk...
         Starting Tell Plymouth To Write Out Runtime Data...
         Starting Create Volatile Files and Directories...
         Starting Initial cloud-init job (pre-networking)...
[[0;32m  OK  [0m] Started Dispatch Password Requests to Console Directory Watch.
[[0;32m  OK  [0m] Started Commit a transient machine-id on disk.
[[0;32m  OK  [0m] Started Tell Plymouth To Write Out Runtime Data.
[[0;32m  OK  [0m] Started Create Volatile Files and Directories.
         Starting Update UTMP about System Boot/Shutdown...
[[0;32m  OK  [0m] Started Update UTMP about System Boot/Shutdown.
[[0;32m  OK  [0m] Found device /dev/ttyS0.
[[0;32m  OK  [0m] Listening on Load/Save RF Kill Switch Status /dev/rfkill Watch.
[[0;1;31mFAILED[0m] Failed to start Set console font and keymap.
See 'systemctl status console-setup.service' for details.
[   20.532378] cloud-init[521]: Cloud-init v. 18.2 running 'init-local' at Tue, 09 Apr 2019 03:09:57 +0000. Up 18.96 seconds.
[[0;32m  OK  [0m] Created slice system-getty.slice.
[[0;32m  OK  [0m] Started Initial cloud-init job (pre-networking).
[[0;32m  OK  [0m] Reached target Network (Pre).
[[0;32m  OK  [0m] Started LSB: AppArmor initialization.
         Starting Raise network interfaces...
[[0;32m  OK  [0m] Started Raise network interfaces.
[[0;32m  OK  [0m] Reached target Network.
         Starting Initial cloud-init job (metadata service crawler)...
[   24.947734] cloud-init[929]: Cloud-init v. 18.2 running 'init' at Tue, 09 Apr 2019 03:10:02 +0000. Up 23.81 seconds.
[   24.995092] cloud-init[929]: ci-info: +++++++++++++++++++++++++++++++++++++Net device info++++++++++++++++++++++++++++++++++++++
[   25.050222] cloud-init[929]: [[0;32m  OK  [0m] Started Initial cloud-init job (metadata service crawler).
ci-info: +--------+-------+---------------------------+---------------+-------+-------------------+
[   25.098300] cloud-init[[0;32m  OK  [0m] Reached target System Initialization.
[929]: ci-info: | Device |   Up  |          Address          |      Mask     | Scope |     Hw-Address    |
[[0;32m  OK  [0m] Started ACPI Events Check.[   25.165601] cloud-init[929]: ci-info: +--------+-------+---------------------------+---------------+-------+-------------------+
[   25.167594] cloud-init[929]: ci-info: | enp0s3 |  True |         10.0.2.15         | 255.255.255.0 |   .   | 02:21:52:1a:0a:14 |
[   25.167943] cloud-init[929]: ci-info: | enp0s3 |  True | fe80::21:52ff:fe1a:a14/64 |       .       |  link | 02:21:52:1a:0a:14 |
[   25.168446] cloud-init[929]: ci-info: | enp0s8 | False |             .             |       .       |   .   | 08:00:27:51:bc:8a |
[   25.168738] cloud-init[929]: ci-info: |   lo   |  True |         127.0.0.1         |   255.0.0.0   |   .   |         .         |
[   25.169110] cloud-init[929]: ci-info: |   lo   |  True |          ::1/128          |       .       |  host |         .         |
[   25.169446] cloud-init[929]: ci-info: +--------+-------+---------------------------+---------------+-------+-------------------+
[   25.169698] cloud-init[929]: ci-info: +++++++++++++++++++++++++++Route IPv4 info++++++++++++++++++++++++++++
[   25.170002] cloud-init[929]: ci-info: +-------+-------------+----------+---------------+-----------+-------+

[   25.174854] cloud-init[[0;32m  OK  [0m] Reached target Paths.
[[0;32m  OK  [0m] Listening on UUID daemon activation socket.
         Starting Socket activation for snappy daemon.
[929]: ci-info: | Route | Destination | Gateway  |    Genmask    | Interface | Flags |
[[0;32m  OK  [0m] Listening on ACPID Listen Socket.
[   25.412627] cloud-init[929]: ci-info: +-------+-------------+----------+---------------+-----------+-------+
[[0;32m  OK  [0m] Started Daily Cleanup of Temporary Directories.[   25.436390] cloud-init[929]: ci-info: |   0   |   0.0.0.0   | 10.0.2.2 |    0.0.0.0    |   enp0s3  |   UG  |

         Starting LXD - unix socket.[   25.449688] cloud-init[929]: ci-info: |   1   |   10.0.2.0  | 0.0.0.0  | 255.255.255.0 |   enp0s3  |   U   |
[[0;32m  OK  [0m] Listening on D-Bus System Message Bus Socket.
[   25.466861] cloud-init[929]: ci-info: +-------+-------------+----------+---------------+-----------+-------+
[   25.468987] cloud-init[929]: Generating public/private rsa key pair.
[   25.469102] cloud-init[929]: Your identification has been saved in /etc/ssh/ssh_host_rsa_key.
[   25.469189] cloud-init[929]: Your public key has been saved in /etc/ssh/ssh_host_rsa_key.pub.
[   25.469247] cloud-init[929]: The key fingerprint is:
[   25.469298] cloud-init[929]: SHA256:n4zbNXLfTqv3ysmAPVQWRpq2Jqj7amC+NFkay6XGNGs root@ubuntu-xenial
[   25.469349] cloud-init[929]: The key's randomart image is:
[   25.469397] cloud-init[929]: +---[RSA 2048]----+
[   25.469485] cloud-init[929]: |             .+  |
[   25.469537] cloud-init[929]: |             + . |
[   25.469698] cloud-init[929]: |            + o  |
[   25.469811] cloud-init[929]: |         . . +   |
[   25.469946] cloud-init[929]: |    + o S . +    |
[   25.470031] cloud-init[929]: |   +o@ . + B     |
[   25.470085] cloud-init[929]: |   oE.. . * B   .|
[   25.470135] cloud-init[929]: |   +.... o + B =.|
[   25.470237] cloud-init[929]: |    .oooo .  .O+=|
[   25.470342] cloud-init[929]: +----[SHA256]-----+
[   25.470401] cloud-init[929]: Generating public/private dsa key pair.
[   25.470519] cloud-init[929]: Your identification has been saved in /etc/ssh/ssh_host_dsa_key.
[   25.470580] cloud-init[929]: Your public key has been saved in /etc/ssh/ssh_host_dsa_key.pub.
[   25.470629] cloud-init[929]: The key fingerprint is:
[   25.470679] cloud-init[929]: SHA256:rJOYCI5Iq4gHgE3on7CLu6M9LxQgJdUZk6PlrcxsORc root@ubuntu-xenial
[   25.470729] cloud-init[929]: The key's randomart image is:
[   25.470777] cloud-init[929]: +---[DSA 1024]----+
[   25.470831] cloud-init[929]: |.+o.o+           |
[   25.470882] cloud-init[929]: |+.. *.           |
[   25.470971] cloud-init[929]: |++ + o           |
[   25.471060] cloud-init[929]: |oo+ . E.         |
[   25.471111] cloud-init[929]: |o.+=.o .S        |
[   25.471251] cloud-init[929]: |*oo+Oo.o         |
[   25.471311] cloud-init[929]: |+=o.oo+          |
[   25.471393] cloud-init[929]: |*o+    .         |
[   25.471478] cloud-init[929]: |O=.+.            |
[   25.471531] cloud-init[929]: +----[SHA256]-----+
[   25.471579] cloud-init[929]: Generating public/private ecdsa key pair.
[   25.471629] cloud-init[929]: Your identification has been saved in /etc/ssh/ssh_host_ecdsa_key.
[   25.471684] cloud-init[929]: Your public key has been saved in /etc/ssh/ssh_host_ecdsa_key.pub.
[   25.471798] cloud-init[929]: The key fingerprint is:
[   25.471881] cloud-init[929]: SHA256:HqXUXkCNhCKOqVhWac/1GXqOiLnPiZlfqT5WBWhHOxQ root@ubuntu-xenial

[   25.472740] cloud-init[929]: The key's randomart image is:[[0;32m  OK  [0m] Started Daily apt download activities.
[[0;32m  OK  [0m] Started Daily apt upgrade and clean activities.
[[0;32m  OK  [0m] Reached target Timers.
[[0;32m  OK  [0m] Reached target Cloud-config availability.
[[0;32m  OK  [0m] Reached target Network is Online.
         Starting iSCSI initiator daemon (iscsid)...
[[0;32m  OK  [0m] Listening on Socket activation for snappy daemon.
[[0;32m  OK  [0m] Listening on LXD - unix socket.
[[0;32m  OK  [0m] Reached target Sockets.
[[0;32m  OK  [0m] Reached target Basic System.

         Starting Pollinate to seed the pseudo random number generator...[   25.684348] cloud-init
         Starting LSB: Record successful boot for GRUB...[929]: +---[ECDSA 256]---+
[   25.697850] cloud-init[929]: |     . oE=+o     |

[[0;32m  OK  [0m] Started Deferred execution scheduler.
         Starting Snappy daemon...[   25.745788] cloud-init[929]: |    = +.=oo..    |
         Starting Apply the settings specified in cloud-config...

[[0;32m  OK  [0m] Started ACPI event daemon.
         Starting LSB: MD monitoring daemon...
         Starting Virtualbox guest utils...
         Starting Accounts Service...[   25.829299] 
[[0;32m  OK  [0m] Started Regular background program processing daemon.
         Starting Login Service...cloud-init[929]: |   * = +++oo.    |
[[0;32m  OK  [0m] Started D-Bus System Message Bus.

[   25.880623] cloud-init[929]: |  = . o..==.     |
[   25.900305] cloud-init[929]: |.+   o .S=.      |
[   25.909583] cloud-init[929]: |o   o ..oo.      |
[   25.920472] cloud-init[929]: |     . .+        |
[   25.932474] cloud-init[929]: |    .=o+         |
[   25.948350] cloud-init[929]: |    +=B.         |
[   25.968667] cloud-init[[0;32m  OK  [0m] Started FUSE filesystem for LXC.
         Starting LXD - container startup/shutdown...
[929]: [[0;32m  OK  [0m] Started Unattended Upgrades Shutdown.
         Starting /etc/rc.local Compatibility...
         Starting System Logging Service...
+----[SHA256]-----+
[[0;32m  OK  [0m] Started /etc/rc.local Compatibility.
[[0;32m  OK  [0m] Started iSCSI initiator daemon (iscsid).
[   26.049736] cloud-init[929]: Generating public/private ed25519 key pair.
[   26.129825] cloud-init[929]: Your identification has been saved in /etc/ssh/ssh_host_ed25519_key.
[[0;32m  OK  [0m[   26.206269] cloud-init[929]: Your public key has been saved in /etc/ssh/ssh_host_ed25519_key.pub.
[   26.206876] cloud-init[929]: The key fingerprint is:
[   26.206957] cloud-init[929]: SHA256:hCuBig8sYCy6IRb4LqkrYFiny7ppqPuOj0YtMlYoDCw root@ubuntu-xenial
[   26.207004] cloud-init[929]: The key's randomart image is:
[   26.207048] cloud-init[929]: +--[ED25519 256]--+
[   26.207091] cloud-init[929]: |.                |
[   26.207135] cloud-init[929]: |E. .   .         |
[   26.207186] cloud-init[929]: |B+o . . .        |
[   26.207231] cloud-init[929]: |O=o... o         |
[   26.207276] cloud-init[929]: |@++o. . S        |
[   26.207323] cloud-init[929]: |O%.. .           |
[   26.207365] cloud-init[929]: |@o+.             |
[   26.207452] cloud-init[929]: |+Bo              |
[   26.207970] cloud-init[929]: |/O+              |
] Started System Logging Service.
[   26.211232] cloud-init[929]: +----[SHA256]-----+
[[0;32m  OK  [0m] Started LSB: Record successful boot for GRUB.
[[0;32m  OK  [0m] Started LSB: MD monitoring daemon.
[[0;32m  OK  [0m] Started LXD - container startup/shutdown.
[[0;32m  OK  [0m] Started Snappy daemon.
[[0;32m  OK  [0m] Started Login Service.
         Starting Wait until snapd is fully seeded...
         Starting Authenticate and Authorize Users to Run Privileged Tasks...
         Starting Login to default iSCSI targets...
[[0;32m  OK  [0m] Started Virtualbox guest utils.
[[0;32m  OK  [0m] Started Authenticate and Authorize Users to Run Privileged Tasks.
[[0;32m  OK  [0m] Started Accounts Service.
[[0;32m  OK  [0m] Started Login to default iSCSI targets.
[[0;32m  OK  [0m] Reached target Remote File Systems (Pre).
[[0;32m  OK  [0m] Reached target Remote File Systems.
         Starting LSB: automatic crash report generation...
         Starting Permit User Sessions...
         Starting LSB: daemon to balance interrupts for SMP systems...
         Starting LSB: Set the CPU Frequency Scaling governor to "ondemand"...
[[0;32m  OK  [0m] Started Permit User Sessions.
         Starting Terminate Plymouth Boot Screen...
         Starting Hold until boot process finishes up...
[[0;32m  OK  [0m] Started LSB: automatic crash report generation.
[[0;32m  OK  [0m] Started LSB: daemon to balance interrupts for SMP systems.
[[0;32m  OK  [0m] Started Terminate Plymouth Boot Screen.
[[0;32m  OK  [0m] Started Hold until boot process finishes up.
[[0;32m  OK  [0m] Started LSB: Set the CPU Frequency Scaling governor to "ondemand".
         Starting Set console scheme...
[[0;32m  OK  [0m] Started Getty on tty1.
[[0;32m  OK  [0m] Started Serial Getty on ttyS0.
[[0;32m  OK  [0m] Reached target Login Prompts.
[[0;32m  OK  [0m] Started Set console scheme.
[[0;32m  OK  [0m] Started Pollinate to seed the pseudo random number generator.
         Starting OpenBSD Secure Shell server...
[[0;32m  OK  [0m] Started OpenBSD Secure Shell server.
[   27.840298] cloud-init[1044]: Generating locales (this might take a while)...
[   29.367702] cloud-init[1044]:   en_US.UTF-8... done
[   29.396978] cloud-init[1044]: Generation complete.
[   29.976957] cloud-init[1044]: Cloud-init v. 18.2 running 'modules:config' at Tue, 09 Apr 2019 03:10:06 +0000. Up 27.46 seconds.
[[0;32m  OK  [0m] Started Apply the settings specified in cloud-config.

Ubuntu 16.04.5 LTS ubuntu-xenial ttyS0

ubuntu-xenial login: ci-info: no authorized ssh keys fingerprints found for user ubuntu.
<14>Apr  9 03:10:13 ec2: 
<14>Apr  9 03:10:13 ec2: #############################################################
<14>Apr  9 03:10:13 ec2: -----BEGIN SSH HOST KEY FINGERPRINTS-----
<14>Apr  9 03:10:13 ec2: 1024 SHA256:rJOYCI5Iq4gHgE3on7CLu6M9LxQgJdUZk6PlrcxsORc root@ubuntu-xenial (DSA)
<14>Apr  9 03:10:13 ec2: 256 SHA256:HqXUXkCNhCKOqVhWac/1GXqOiLnPiZlfqT5WBWhHOxQ root@ubuntu-xenial (ECDSA)
<14>Apr  9 03:10:13 ec2: 256 SHA256:hCuBig8sYCy6IRb4LqkrYFiny7ppqPuOj0YtMlYoDCw root@ubuntu-xenial (ED25519)
<14>Apr  9 03:10:13 ec2: 2048 SHA256:n4zbNXLfTqv3ysmAPVQWRpq2Jqj7amC+NFkay6XGNGs root@ubuntu-xenial (RSA)
<14>Apr  9 03:10:13 ec2: -----END SSH HOST KEY FINGERPRINTS-----
<14>Apr  9 03:10:13 ec2: #############################################################
-----BEGIN SSH HOST KEY KEYS-----
ecdsa-sha2-nistp256 AAAAE2VjZHNhLXNoYTItbmlzdHAyNTYAAAAIbmlzdHAyNTYAAABBBKeRHWNBjyYE/wX4vF8LqKpjM0jh6Shtd1Tk1DVDztJwZgusE+4TMSfewf1jKdNPD0OSipUlCostnXr3eWEJmlM= root@ubuntu-xenial
ssh-ed25519 AAAAC3NzaC1lZDI1NTE5AAAAIIKnn3L4bjqnf3BJ2i3nhUgSlMenMZj8epWbRpfMpmHP root@ubuntu-xenial
ssh-rsa AAAAB3NzaC1yc2EAAAADAQABAAABAQDIQzKqVUkYhacdCmFGnIZ/tOU1c0OWabl6zK7Xf7CYK/oBiteAKC6dUoM0zf5K/9bFG+DQO3gynmSbKBoepvcQ8a0gzQA0Johnw2CNrGnCu4Ta+ItFqF9//oqUvhXVoG/7OkjMvoN4zzYblNqGotuIa0KrXmKjATeQ85+Z3d+9PzUiZ14JaN56AvZZQiH9yDC0YhlnjXq3lH+UBQygwHz8HyCPfaSJ8T+/gz4iO9SIVVTsrfnmJsWA7N/yszzLhVBvGba/Atp++WXBTzFuXjmrLYw/qxFlBi4BQIagvg0sraLXwrVJUV9mRJ6yKMtyjEjBU+mU7x0H7AdUnhMHenED root@ubuntu-xenial
-----END SSH HOST KEY KEYS-----
[   34.694449] cloud-init[1310]: Cloud-init v. 18.2 running 'modules:final' at Tue, 09 Apr 2019 03:10:13 +0000. Up 34.37 seconds.
[   34.694728] cloud-init[1310]: ci-info: no authorized ssh keys fingerprints found for user ubuntu.
[   34.694959] cloud-init[1310]: Cloud-init v. 18.2 finished at Tue, 09 Apr 2019 03:10:13 +0000. Datasource DataSourceNoCloud [seed=/dev/sdb][dsmode=net].  Up 34.67 seconds
